[InstanceBalancer] Pools configurados: IECG → [IECG, IECG_2] | START_IECG → [START_IECG, START_IECG2]
[Scheduler] Iniciado — verificando campanhas e sequências agendadas a cada minuto.
Server started ! ✓

Access URLs:
-----------------------------------
Localhost: http://localhost:3005
      LAN: http://192.168.68.119:3005
-----------------------------------
Press CTRL-C to stop
Webpack is building script...
    
[payments] Jobs de validacao PIX desativados em development
Servidor rodando em: http://localhost:3005
[embedding] Desativado via EMBEDDING_ENABLED=false — servidor Python não será iniciado.
🔄 Redis: Tentando reconectar...
🔄 Redis: Tentando reconectar...
🔄 Redis: Tentando reconectar...
🔄 Redis: Tentando reconectar...
🔄 Redis: Tentando reconectar...
🔄 Redis: Tentando reconectar...
🔄 Redis: Tentando reconectar...
🔄 Redis: Tentando reconectar...
🔄 Redis: Tentando reconectar...
webpack built d9e8a3b0df25330f7a8d in 5046ms
🔄 Redis: Tentando reconectar...
🔄 Redis: Tentando reconectar...
